{"C:\\Users\\lenovo\\Desktop\\VS_Code\\SE\\Project\\se-project-be-68-2-angleparan\\controllers\\appointments.js": {"path":"C:\\Users\\lenovo\\Desktop\\VS_Code\\SE\\Project\\se-project-be-68-2-angleparan\\controllers\\appointments.js","statementMap":{"0":{"start":{"line":1,"column":20},"end":{"line":1,"column":52}},"1":{"start":{"line":2,"column":26},"end":{"line":2,"column":64}},"2":{"start":{"line":3,"column":16},"end":{"line":3,"column":44}},"3":{"start":{"line":4,"column":15},"end":{"line":4,"column":41}},"4":{"start":{"line":6,"column":23},"end":{"line":6,"column":73}},"5":{"start":{"line":11,"column":0},"end":{"line":101,"column":2}},"6":{"start":{"line":12,"column":2},"end":{"line":100,"column":3}},"7":{"start":{"line":13,"column":24},"end":{"line":13,"column":26}},"8":{"start":{"line":16,"column":4},"end":{"line":23,"column":5}},"9":{"start":{"line":17,"column":6},"end":{"line":17,"column":39}},"10":{"start":{"line":18,"column":11},"end":{"line":23,"column":5}},"11":{"start":{"line":19,"column":6},"end":{"line":21,"column":7}},"12":{"start":{"line":20,"column":8},"end":{"line":20,"column":75}},"13":{"start":{"line":22,"column":6},"end":{"line":22,"column":54}},"14":{"start":{"line":26,"column":21},"end":{"line":26,"column":37}},"15":{"start":{"line":27,"column":25},"end":{"line":27,"column":84}},"16":{"start":{"line":28,"column":4},"end":{"line":28,"column":58}},"17":{"start":{"line":28,"column":34},"end":{"line":28,"column":56}},"18":{"start":{"line":30,"column":19},"end":{"line":30,"column":43}},"19":{"start":{"line":31,"column":4},"end":{"line":31,"column":81}},"20":{"start":{"line":31,"column":68},"end":{"line":31,"column":79}},"21":{"start":{"line":32,"column":20},"end":{"line":32,"column":40}},"22":{"start":{"line":35,"column":4},"end":{"line":35,"column":53}},"23":{"start":{"line":38,"column":4},"end":{"line":43,"column":5}},"24":{"start":{"line":39,"column":20},"end":{"line":39,"column":48}},"25":{"start":{"line":40,"column":18},"end":{"line":40,"column":33}},"26":{"start":{"line":41,"column":6},"end":{"line":41,"column":37}},"27":{"start":{"line":42,"column":6},"end":{"line":42,"column":57}},"28":{"start":{"line":45,"column":4},"end":{"line":49,"column":5}},"29":{"start":{"line":46,"column":6},"end":{"line":46,"column":34}},"30":{"start":{"line":47,"column":6},"end":{"line":47,"column":91}},"31":{"start":{"line":47,"column":31},"end":{"line":47,"column":91}},"32":{"start":{"line":48,"column":6},"end":{"line":48,"column":87}},"33":{"start":{"line":48,"column":29},"end":{"line":48,"column":87}},"34":{"start":{"line":52,"column":4},"end":{"line":54,"column":5}},"35":{"start":{"line":53,"column":6},"end":{"line":53,"column":51}},"36":{"start":{"line":57,"column":16},"end":{"line":60,"column":6}},"37":{"start":{"line":62,"column":4},"end":{"line":65,"column":5}},"38":{"start":{"line":63,"column":21},"end":{"line":63,"column":58}},"39":{"start":{"line":64,"column":6},"end":{"line":64,"column":35}},"40":{"start":{"line":67,"column":4},"end":{"line":72,"column":5}},"41":{"start":{"line":68,"column":21},"end":{"line":68,"column":56}},"42":{"start":{"line":69,"column":6},"end":{"line":69,"column":33}},"43":{"start":{"line":71,"column":6},"end":{"line":71,"column":38}},"44":{"start":{"line":75,"column":17},"end":{"line":75,"column":50}},"45":{"start":{"line":76,"column":18},"end":{"line":76,"column":53}},"46":{"start":{"line":77,"column":23},"end":{"line":77,"column":41}},"47":{"start":{"line":78,"column":21},"end":{"line":78,"column":33}},"48":{"start":{"line":79,"column":18},"end":{"line":79,"column":65}},"49":{"start":{"line":81,"column":4},"end":{"line":81,"column":48}},"50":{"start":{"line":82,"column":25},"end":{"line":82,"column":36}},"51":{"start":{"line":84,"column":23},"end":{"line":84,"column":25}},"52":{"start":{"line":85,"column":4},"end":{"line":85,"column":70}},"53":{"start":{"line":85,"column":26},"end":{"line":85,"column":70}},"54":{"start":{"line":86,"column":4},"end":{"line":86,"column":68}},"55":{"start":{"line":86,"column":24},"end":{"line":86,"column":68}},"56":{"start":{"line":88,"column":4},"end":{"line":96,"column":7}},"57":{"start":{"line":92,"column":38},"end":{"line":95,"column":7}},"58":{"start":{"line":98,"column":4},"end":{"line":98,"column":25}},"59":{"start":{"line":99,"column":4},"end":{"line":99,"column":82}},"60":{"start":{"line":106,"column":0},"end":{"line":128,"column":2}},"61":{"start":{"line":107,"column":2},"end":{"line":127,"column":3}},"62":{"start":{"line":108,"column":24},"end":{"line":111,"column":6}},"63":{"start":{"line":113,"column":4},"end":{"line":115,"column":5}},"64":{"start":{"line":114,"column":6},"end":{"line":114,"column":87}},"65":{"start":{"line":117,"column":4},"end":{"line":123,"column":7}},"66":{"start":{"line":125,"column":4},"end":{"line":125,"column":25}},"67":{"start":{"line":126,"column":4},"end":{"line":126,"column":88}},"68":{"start":{"line":133,"column":0},"end":{"line":184,"column":2}},"69":{"start":{"line":134,"column":2},"end":{"line":183,"column":3}},"70":{"start":{"line":135,"column":4},"end":{"line":135,"column":44}},"71":{"start":{"line":136,"column":4},"end":{"line":136,"column":32}},"72":{"start":{"line":138,"column":20},"end":{"line":138,"column":64}},"73":{"start":{"line":139,"column":4},"end":{"line":141,"column":5}},"74":{"start":{"line":140,"column":6},"end":{"line":140,"column":83}},"75":{"start":{"line":143,"column":21},"end":{"line":143,"column":48}},"76":{"start":{"line":144,"column":17},"end":{"line":144,"column":59}},"77":{"start":{"line":147,"column":4},"end":{"line":149,"column":5}},"78":{"start":{"line":148,"column":6},"end":{"line":148,"column":102}},"79":{"start":{"line":152,"column":24},"end":{"line":152,"column":69}},"80":{"start":{"line":153,"column":22},"end":{"line":153,"column":67}},"81":{"start":{"line":154,"column":31},"end":{"line":157,"column":6}},"82":{"start":{"line":159,"column":4},"end":{"line":161,"column":5}},"83":{"start":{"line":160,"column":6},"end":{"line":160,"column":99}},"84":{"start":{"line":164,"column":4},"end":{"line":169,"column":5}},"85":{"start":{"line":165,"column":22},"end":{"line":165,"column":70}},"86":{"start":{"line":166,"column":6},"end":{"line":168,"column":7}},"87":{"start":{"line":167,"column":8},"end":{"line":167,"column":107}},"88":{"start":{"line":171,"column":24},"end":{"line":171,"column":58}},"89":{"start":{"line":173,"column":4},"end":{"line":179,"column":7}},"90":{"start":{"line":181,"column":4},"end":{"line":181,"column":25}},"91":{"start":{"line":182,"column":4},"end":{"line":182,"column":90}},"92":{"start":{"line":189,"column":0},"end":{"line":277,"column":2}},"93":{"start":{"line":190,"column":2},"end":{"line":276,"column":3}},"94":{"start":{"line":191,"column":22},"end":{"line":191,"column":63}},"95":{"start":{"line":193,"column":4},"end":{"line":195,"column":5}},"96":{"start":{"line":194,"column":6},"end":{"line":194,"column":87}},"97":{"start":{"line":198,"column":4},"end":{"line":205,"column":5}},"98":{"start":{"line":199,"column":31},"end":{"line":199,"column":93}},"99":{"start":{"line":200,"column":6},"end":{"line":202,"column":7}},"100":{"start":{"line":201,"column":8},"end":{"line":201,"column":110}},"101":{"start":{"line":203,"column":11},"end":{"line":205,"column":5}},"102":{"start":{"line":204,"column":6},"end":{"line":204,"column":108}},"103":{"start":{"line":208,"column":22},"end":{"line":208,"column":37}},"104":{"start":{"line":209,"column":4},"end":{"line":236,"column":5}},"105":{"start":{"line":210,"column":6},"end":{"line":212,"column":7}},"106":{"start":{"line":211,"column":8},"end":{"line":211,"column":127}},"107":{"start":{"line":213,"column":6},"end":{"line":215,"column":7}},"108":{"start":{"line":214,"column":8},"end":{"line":214,"column":123}},"109":{"start":{"line":218,"column":21},"end":{"line":226,"column":8}},"110":{"start":{"line":229,"column":6},"end":{"line":229,"column":36}},"111":{"start":{"line":231,"column":6},"end":{"line":235,"column":9}},"112":{"start":{"line":239,"column":4},"end":{"line":260,"column":5}},"113":{"start":{"line":240,"column":23},"end":{"line":240,"column":50}},"114":{"start":{"line":241,"column":19},"end":{"line":241,"column":61}},"115":{"start":{"line":242,"column":30},"end":{"line":242,"column":69}},"116":{"start":{"line":243,"column":22},"end":{"line":243,"column":61}},"117":{"start":{"line":245,"column":6},"end":{"line":247,"column":7}},"118":{"start":{"line":246,"column":8},"end":{"line":246,"column":104}},"119":{"start":{"line":249,"column":26},"end":{"line":249,"column":71}},"120":{"start":{"line":250,"column":24},"end":{"line":250,"column":69}},"121":{"start":{"line":251,"column":33},"end":{"line":255,"column":8}},"122":{"start":{"line":257,"column":6},"end":{"line":259,"column":7}},"123":{"start":{"line":258,"column":8},"end":{"line":258,"column":101}},"124":{"start":{"line":262,"column":4},"end":{"line":264,"column":7}},"125":{"start":{"line":266,"column":4},"end":{"line":272,"column":7}},"126":{"start":{"line":274,"column":4},"end":{"line":274,"column":25}},"127":{"start":{"line":275,"column":4},"end":{"line":275,"column":90}},"128":{"start":{"line":282,"column":0},"end":{"line":317,"column":2}},"129":{"start":{"line":283,"column":2},"end":{"line":316,"column":3}},"130":{"start":{"line":284,"column":24},"end":{"line":284,"column":65}},"131":{"start":{"line":286,"column":4},"end":{"line":288,"column":5}},"132":{"start":{"line":287,"column":6},"end":{"line":287,"column":87}},"133":{"start":{"line":290,"column":4},"end":{"line":292,"column":5}},"134":{"start":{"line":291,"column":6},"end":{"line":291,"column":108}},"135":{"start":{"line":296,"column":19},"end":{"line":296,"column":68}},"136":{"start":{"line":298,"column":4},"end":{"line":304,"column":7}},"137":{"start":{"line":306,"column":4},"end":{"line":306,"column":34}},"138":{"start":{"line":308,"column":4},"end":{"line":312,"column":7}},"139":{"start":{"line":314,"column":4},"end":{"line":314,"column":25}},"140":{"start":{"line":315,"column":4},"end":{"line":315,"column":90}}},"fnMap":{"0":{"name":"(anonymous_0)","decl":{"start":{"line":11,"column":26},"end":{"line":11,"column":27}},"loc":{"start":{"line":11,"column":52},"end":{"line":101,"column":1}},"line":11},"1":{"name":"(anonymous_1)","decl":{"start":{"line":28,"column":25},"end":{"line":28,"column":26}},"loc":{"start":{"line":28,"column":34},"end":{"line":28,"column":56}},"line":28},"2":{"name":"(anonymous_2)","decl":{"start":{"line":31,"column":59},"end":{"line":31,"column":60}},"loc":{"start":{"line":31,"column":68},"end":{"line":31,"column":79}},"line":31},"3":{"name":"(anonymous_3)","decl":{"start":{"line":92,"column":29},"end":{"line":92,"column":30}},"loc":{"start":{"line":92,"column":38},"end":{"line":95,"column":7}},"line":92},"4":{"name":"(anonymous_4)","decl":{"start":{"line":106,"column":25},"end":{"line":106,"column":26}},"loc":{"start":{"line":106,"column":51},"end":{"line":128,"column":1}},"line":106},"5":{"name":"(anonymous_5)","decl":{"start":{"line":133,"column":25},"end":{"line":133,"column":26}},"loc":{"start":{"line":133,"column":51},"end":{"line":184,"column":1}},"line":133},"6":{"name":"(anonymous_6)","decl":{"start":{"line":189,"column":28},"end":{"line":189,"column":29}},"loc":{"start":{"line":189,"column":54},"end":{"line":277,"column":1}},"line":189},"7":{"name":"(anonymous_7)","decl":{"start":{"line":282,"column":28},"end":{"line":282,"column":29}},"loc":{"start":{"line":282,"column":54},"end":{"line":317,"column":1}},"line":282}},"branchMap":{"0":{"loc":{"start":{"line":16,"column":4},"end":{"line":23,"column":5}},"type":"if","locations":[{"start":{"line":16,"column":4},"end":{"line":23,"column":5}},{"start":{"line":18,"column":11},"end":{"line":23,"column":5}}],"line":16},"1":{"loc":{"start":{"line":18,"column":11},"end":{"line":23,"column":5}},"type":"if","locations":[{"start":{"line":18,"column":11},"end":{"line":23,"column":5}},{"start":{},"end":{}}],"line":18},"2":{"loc":{"start":{"line":19,"column":6},"end":{"line":21,"column":7}},"type":"if","locations":[{"start":{"line":19,"column":6},"end":{"line":21,"column":7}},{"start":{},"end":{}}],"line":19},"3":{"loc":{"start":{"line":38,"column":4},"end":{"line":43,"column":5}},"type":"if","locations":[{"start":{"line":38,"column":4},"end":{"line":43,"column":5}},{"start":{},"end":{}}],"line":38},"4":{"loc":{"start":{"line":45,"column":4},"end":{"line":49,"column":5}},"type":"if","locations":[{"start":{"line":45,"column":4},"end":{"line":49,"column":5}},{"start":{},"end":{}}],"line":45},"5":{"loc":{"start":{"line":45,"column":8},"end":{"line":45,"column":48}},"type":"binary-expr","locations":[{"start":{"line":45,"column":8},"end":{"line":45,"column":27}},{"start":{"line":45,"column":31},"end":{"line":45,"column":48}}],"line":45},"6":{"loc":{"start":{"line":47,"column":6},"end":{"line":47,"column":91}},"type":"if","locations":[{"start":{"line":47,"column":6},"end":{"line":47,"column":91}},{"start":{},"end":{}}],"line":47},"7":{"loc":{"start":{"line":48,"column":6},"end":{"line":48,"column":87}},"type":"if","locations":[{"start":{"line":48,"column":6},"end":{"line":48,"column":87}},{"start":{},"end":{}}],"line":48},"8":{"loc":{"start":{"line":52,"column":4},"end":{"line":54,"column":5}},"type":"if","locations":[{"start":{"line":52,"column":4},"end":{"line":54,"column":5}},{"start":{},"end":{}}],"line":52},"9":{"loc":{"start":{"line":62,"column":4},"end":{"line":65,"column":5}},"type":"if","locations":[{"start":{"line":62,"column":4},"end":{"line":65,"column":5}},{"start":{},"end":{}}],"line":62},"10":{"loc":{"start":{"line":67,"column":4},"end":{"line":72,"column":5}},"type":"if","locations":[{"start":{"line":67,"column":4},"end":{"line":72,"column":5}},{"start":{"line":70,"column":11},"end":{"line":72,"column":5}}],"line":67},"11":{"loc":{"start":{"line":75,"column":17},"end":{"line":75,"column":50}},"type":"binary-expr","locations":[{"start":{"line":75,"column":17},"end":{"line":75,"column":45}},{"start":{"line":75,"column":49},"end":{"line":75,"column":50}}],"line":75},"12":{"loc":{"start":{"line":76,"column":18},"end":{"line":76,"column":53}},"type":"binary-expr","locations":[{"start":{"line":76,"column":18},"end":{"line":76,"column":47}},{"start":{"line":76,"column":51},"end":{"line":76,"column":53}}],"line":76},"13":{"loc":{"start":{"line":85,"column":4},"end":{"line":85,"column":70}},"type":"if","locations":[{"start":{"line":85,"column":4},"end":{"line":85,"column":70}},{"start":{},"end":{}}],"line":85},"14":{"loc":{"start":{"line":86,"column":4},"end":{"line":86,"column":68}},"type":"if","locations":[{"start":{"line":86,"column":4},"end":{"line":86,"column":68}},{"start":{},"end":{}}],"line":86},"15":{"loc":{"start":{"line":113,"column":4},"end":{"line":115,"column":5}},"type":"if","locations":[{"start":{"line":113,"column":4},"end":{"line":115,"column":5}},{"start":{},"end":{}}],"line":113},"16":{"loc":{"start":{"line":139,"column":4},"end":{"line":141,"column":5}},"type":"if","locations":[{"start":{"line":139,"column":4},"end":{"line":141,"column":5}},{"start":{},"end":{}}],"line":139},"17":{"loc":{"start":{"line":147,"column":4},"end":{"line":149,"column":5}},"type":"if","locations":[{"start":{"line":147,"column":4},"end":{"line":149,"column":5}},{"start":{},"end":{}}],"line":147},"18":{"loc":{"start":{"line":147,"column":8},"end":{"line":147,"column":77}},"type":"binary-expr","locations":[{"start":{"line":147,"column":8},"end":{"line":147,"column":41}},{"start":{"line":147,"column":45},"end":{"line":147,"column":77}}],"line":147},"19":{"loc":{"start":{"line":159,"column":4},"end":{"line":161,"column":5}},"type":"if","locations":[{"start":{"line":159,"column":4},"end":{"line":161,"column":5}},{"start":{},"end":{}}],"line":159},"20":{"loc":{"start":{"line":164,"column":4},"end":{"line":169,"column":5}},"type":"if","locations":[{"start":{"line":164,"column":4},"end":{"line":169,"column":5}},{"start":{},"end":{}}],"line":164},"21":{"loc":{"start":{"line":166,"column":6},"end":{"line":168,"column":7}},"type":"if","locations":[{"start":{"line":166,"column":6},"end":{"line":168,"column":7}},{"start":{},"end":{}}],"line":166},"22":{"loc":{"start":{"line":193,"column":4},"end":{"line":195,"column":5}},"type":"if","locations":[{"start":{"line":193,"column":4},"end":{"line":195,"column":5}},{"start":{},"end":{}}],"line":193},"23":{"loc":{"start":{"line":198,"column":4},"end":{"line":205,"column":5}},"type":"if","locations":[{"start":{"line":198,"column":4},"end":{"line":205,"column":5}},{"start":{"line":203,"column":11},"end":{"line":205,"column":5}}],"line":198},"24":{"loc":{"start":{"line":199,"column":31},"end":{"line":199,"column":93}},"type":"binary-expr","locations":[{"start":{"line":199,"column":31},"end":{"line":199,"column":66}},{"start":{"line":199,"column":70},"end":{"line":199,"column":93}}],"line":199},"25":{"loc":{"start":{"line":200,"column":6},"end":{"line":202,"column":7}},"type":"if","locations":[{"start":{"line":200,"column":6},"end":{"line":202,"column":7}},{"start":{},"end":{}}],"line":200},"26":{"loc":{"start":{"line":200,"column":10},"end":{"line":200,"column":93}},"type":"binary-expr","locations":[{"start":{"line":200,"column":10},"end":{"line":200,"column":27}},{"start":{"line":200,"column":31},"end":{"line":200,"column":93}}],"line":200},"27":{"loc":{"start":{"line":203,"column":11},"end":{"line":205,"column":5}},"type":"if","locations":[{"start":{"line":203,"column":11},"end":{"line":205,"column":5}},{"start":{},"end":{}}],"line":203},"28":{"loc":{"start":{"line":203,"column":15},"end":{"line":203,"column":86}},"type":"binary-expr","locations":[{"start":{"line":203,"column":15},"end":{"line":203,"column":39}},{"start":{"line":203,"column":43},"end":{"line":203,"column":86}}],"line":203},"29":{"loc":{"start":{"line":209,"column":4},"end":{"line":236,"column":5}},"type":"if","locations":[{"start":{"line":209,"column":4},"end":{"line":236,"column":5}},{"start":{},"end":{}}],"line":209},"30":{"loc":{"start":{"line":209,"column":8},"end":{"line":209,"column":62}},"type":"binary-expr","locations":[{"start":{"line":209,"column":8},"end":{"line":209,"column":33}},{"start":{"line":209,"column":37},"end":{"line":209,"column":62}}],"line":209},"31":{"loc":{"start":{"line":210,"column":6},"end":{"line":212,"column":7}},"type":"if","locations":[{"start":{"line":210,"column":6},"end":{"line":212,"column":7}},{"start":{},"end":{}}],"line":210},"32":{"loc":{"start":{"line":210,"column":10},"end":{"line":210,"column":65}},"type":"binary-expr","locations":[{"start":{"line":210,"column":10},"end":{"line":210,"column":35}},{"start":{"line":210,"column":39},"end":{"line":210,"column":65}}],"line":210},"33":{"loc":{"start":{"line":213,"column":6},"end":{"line":215,"column":7}},"type":"if","locations":[{"start":{"line":213,"column":6},"end":{"line":215,"column":7}},{"start":{},"end":{}}],"line":213},"34":{"loc":{"start":{"line":213,"column":10},"end":{"line":213,"column":61}},"type":"binary-expr","locations":[{"start":{"line":213,"column":10},"end":{"line":213,"column":35}},{"start":{"line":213,"column":39},"end":{"line":213,"column":61}}],"line":213},"35":{"loc":{"start":{"line":225,"column":15},"end":{"line":225,"column":35}},"type":"binary-expr","locations":[{"start":{"line":225,"column":15},"end":{"line":225,"column":29}},{"start":{"line":225,"column":33},"end":{"line":225,"column":35}}],"line":225},"36":{"loc":{"start":{"line":239,"column":4},"end":{"line":260,"column":5}},"type":"if","locations":[{"start":{"line":239,"column":4},"end":{"line":260,"column":5}},{"start":{},"end":{}}],"line":239},"37":{"loc":{"start":{"line":242,"column":30},"end":{"line":242,"column":69}},"type":"binary-expr","locations":[{"start":{"line":242,"column":30},"end":{"line":242,"column":46}},{"start":{"line":242,"column":50},"end":{"line":242,"column":69}}],"line":242},"38":{"loc":{"start":{"line":245,"column":6},"end":{"line":247,"column":7}},"type":"if","locations":[{"start":{"line":245,"column":6},"end":{"line":247,"column":7}},{"start":{},"end":{}}],"line":245},"39":{"loc":{"start":{"line":245,"column":10},"end":{"line":245,"column":79}},"type":"binary-expr","locations":[{"start":{"line":245,"column":10},"end":{"line":245,"column":43}},{"start":{"line":245,"column":47},"end":{"line":245,"column":79}}],"line":245},"40":{"loc":{"start":{"line":257,"column":6},"end":{"line":259,"column":7}},"type":"if","locations":[{"start":{"line":257,"column":6},"end":{"line":259,"column":7}},{"start":{},"end":{}}],"line":257},"41":{"loc":{"start":{"line":286,"column":4},"end":{"line":288,"column":5}},"type":"if","locations":[{"start":{"line":286,"column":4},"end":{"line":288,"column":5}},{"start":{},"end":{}}],"line":286},"42":{"loc":{"start":{"line":290,"column":4},"end":{"line":292,"column":5}},"type":"if","locations":[{"start":{"line":290,"column":4},"end":{"line":292,"column":5}},{"start":{},"end":{}}],"line":290},"43":{"loc":{"start":{"line":290,"column":8},"end":{"line":290,"column":80}},"type":"binary-expr","locations":[{"start":{"line":290,"column":8},"end":{"line":290,"column":51}},{"start":{"line":290,"column":55},"end":{"line":290,"column":80}}],"line":290},"44":{"loc":{"start":{"line":296,"column":19},"end":{"line":296,"column":68}},"type":"binary-expr","locations":[{"start":{"line":296,"column":19},"end":{"line":296,"column":40}},{"start":{"line":296,"column":44},"end":{"line":296,"column":68}}],"line":296}},"s":{"0":1,"1":1,"2":1,"3":1,"4":1,"5":1,"6":0,"7":0,"8":0,"9":0,"10":0,"11":0,"12":0,"13":0,"14":0,"15":0,"16":0,"17":0,"18":0,"19":0,"20":0,"21":0,"22":0,"23":0,"24":0,"25":0,"26":0,"27":0,"28":0,"29":0,"30":0,"31":0,"32":0,"33":0,"34":0,"35":0,"36":0,"37":0,"38":0,"39":0,"40":0,"41":0,"42":0,"43":0,"44":0,"45":0,"46":0,"47":0,"48":0,"49":0,"50":0,"51":0,"52":0,"53":0,"54":0,"55":0,"56":0,"57":0,"58":0,"59":0,"60":1,"61":0,"62":0,"63":0,"64":0,"65":0,"66":0,"67":0,"68":1,"69":0,"70":0,"71":0,"72":0,"73":0,"74":0,"75":0,"76":0,"77":0,"78":0,"79":0,"80":0,"81":0,"82":0,"83":0,"84":0,"85":0,"86":0,"87":0,"88":0,"89":0,"90":0,"91":0,"92":1,"93":11,"94":11,"95":10,"96":1,"97":9,"98":1,"99":1,"100":1,"101":8,"102":1,"103":7,"104":7,"105":4,"106":1,"107":3,"108":1,"109":2,"110":2,"111":2,"112":3,"113":3,"114":3,"115":3,"116":3,"117":3,"118":1,"119":2,"120":2,"121":2,"122":2,"123":1,"124":1,"125":1,"126":1,"127":1,"128":1,"129":5,"130":5,"131":4,"132":1,"133":3,"134":1,"135":2,"136":2,"137":2,"138":2,"139":1,"140":1},"f":{"0":0,"1":0,"2":0,"3":0,"4":0,"5":0,"6":11,"7":5},"b":{"0":[0,0],"1":[0,0],"2":[0,0],"3":[0,0],"4":[0,0],"5":[0,0],"6":[0,0],"7":[0,0],"8":[0,0],"9":[0,0],"10":[0,0],"11":[0,0],"12":[0,0],"13":[0,0],"14":[0,0],"15":[0,0],"16":[0,0],"17":[0,0],"18":[0,0],"19":[0,0],"20":[0,0],"21":[0,0],"22":[1,9],"23":[1,8],"24":[1,0],"25":[1,0],"26":[1,1],"27":[1,7],"28":[8,1],"29":[4,3],"30":[7,5],"31":[1,3],"32":[4,2],"33":[1,2],"34":[3,2],"35":[2,2],"36":[3,0],"37":[3,3],"38":[1,2],"39":[3,3],"40":[1,1],"41":[1,3],"42":[1,2],"43":[3,1],"44":[2,1]},"_coverageSchema":"1a1c01bbd47fc00a2c39e90264f33305004495a9","hash":"e41607840ff9801d2f184db7a43104b767ad369b"}
,"C:\\Users\\lenovo\\Desktop\\VS_Code\\SE\\Project\\se-project-be-68-2-angleparan\\models\\Appointment.js": {"path":"C:\\Users\\lenovo\\Desktop\\VS_Code\\SE\\Project\\se-project-be-68-2-angleparan\\models\\Appointment.js","statementMap":{"0":{"start":{"line":1,"column":17},"end":{"line":1,"column":36}},"1":{"start":{"line":3,"column":26},"end":{"line":27,"column":2}},"2":{"start":{"line":29,"column":0},"end":{"line":29,"column":66}}},"fnMap":{},"branchMap":{},"s":{"0":1,"1":1,"2":1},"f":{},"b":{},"_coverageSchema":"1a1c01bbd47fc00a2c39e90264f33305004495a9","hash":"11a5c0e233a2de52e969700c082033b56c6b10ed"}
,"C:\\Users\\lenovo\\Desktop\\VS_Code\\SE\\Project\\se-project-be-68-2-angleparan\\models\\AppointmentRecord.js": {"path":"C:\\Users\\lenovo\\Desktop\\VS_Code\\SE\\Project\\se-project-be-68-2-angleparan\\models\\AppointmentRecord.js","statementMap":{"0":{"start":{"line":1,"column":17},"end":{"line":1,"column":36}},"1":{"start":{"line":3,"column":32},"end":{"line":48,"column":2}},"2":{"start":{"line":28,"column":6},"end":{"line":28,"column":41}},"3":{"start":{"line":36,"column":6},"end":{"line":36,"column":41}},"4":{"start":{"line":50,"column":0},"end":{"line":50,"column":78}}},"fnMap":{"0":{"name":"(anonymous_0)","decl":{"start":{"line":27,"column":14},"end":{"line":27,"column":15}},"loc":{"start":{"line":27,"column":25},"end":{"line":29,"column":5}},"line":27},"1":{"name":"(anonymous_1)","decl":{"start":{"line":35,"column":14},"end":{"line":35,"column":15}},"loc":{"start":{"line":35,"column":25},"end":{"line":37,"column":5}},"line":35}},"branchMap":{},"s":{"0":1,"1":1,"2":0,"3":0,"4":1},"f":{"0":0,"1":0},"b":{},"_coverageSchema":"1a1c01bbd47fc00a2c39e90264f33305004495a9","hash":"e71337bbcc9aff8a85cf44d7915a4ad2b4184326"}
,"C:\\Users\\lenovo\\Desktop\\VS_Code\\SE\\Project\\se-project-be-68-2-angleparan\\models\\Dentist.js": {"path":"C:\\Users\\lenovo\\Desktop\\VS_Code\\SE\\Project\\se-project-be-68-2-angleparan\\models\\Dentist.js","statementMap":{"0":{"start":{"line":1,"column":17},"end":{"line":1,"column":36}},"1":{"start":{"line":3,"column":22},"end":{"line":30,"column":1}},"2":{"start":{"line":33,"column":0},"end":{"line":38,"column":3}},"3":{"start":{"line":41,"column":0},"end":{"line":46,"column":3}},"4":{"start":{"line":49,"column":0},"end":{"line":49,"column":58}}},"fnMap":{},"branchMap":{},"s":{"0":1,"1":1,"2":1,"3":1,"4":1},"f":{},"b":{},"_coverageSchema":"1a1c01bbd47fc00a2c39e90264f33305004495a9","hash":"33da9826da570259841996e18c20bd6885781793"}
}
