TN:
SF:controllers\appointments.js
FN:11,(anonymous_0)
FN:28,(anonymous_1)
FN:31,(anonymous_2)
FN:92,(anonymous_3)
FN:106,(anonymous_4)
FN:133,(anonymous_5)
FN:189,(anonymous_6)
FN:282,(anonymous_7)
FNF:8
FNH:2
FNDA:0,(anonymous_0)
FNDA:0,(anonymous_1)
FNDA:0,(anonymous_2)
FNDA:0,(anonymous_3)
FNDA:0,(anonymous_4)
FNDA:0,(anonymous_5)
FNDA:11,(anonymous_6)
FNDA:5,(anonymous_7)
DA:1,1
DA:2,1
DA:3,1
DA:4,1
DA:6,1
DA:11,1
DA:12,0
DA:13,0
DA:16,0
DA:17,0
DA:18,0
DA:19,0
DA:20,0
DA:22,0
DA:26,0
DA:27,0
DA:28,0
DA:30,0
DA:31,0
DA:32,0
DA:35,0
DA:38,0
DA:39,0
DA:40,0
DA:41,0
DA:42,0
DA:45,0
DA:46,0
DA:47,0
DA:48,0
DA:52,0
DA:53,0
DA:57,0
DA:62,0
DA:63,0
DA:64,0
DA:67,0
DA:68,0
DA:69,0
DA:71,0
DA:75,0
DA:76,0
DA:77,0
DA:78,0
DA:79,0
DA:81,0
DA:82,0
DA:84,0
DA:85,0
DA:86,0
DA:88,0
DA:92,0
DA:98,0
DA:99,0
DA:106,1
DA:107,0
DA:108,0
DA:113,0
DA:114,0
DA:117,0
DA:125,0
DA:126,0
DA:133,1
DA:134,0
DA:135,0
DA:136,0
DA:138,0
DA:139,0
DA:140,0
DA:143,0
DA:144,0
DA:147,0
DA:148,0
DA:152,0
DA:153,0
DA:154,0
DA:159,0
DA:160,0
DA:164,0
DA:165,0
DA:166,0
DA:167,0
DA:171,0
DA:173,0
DA:181,0
DA:182,0
DA:189,1
DA:190,11
DA:191,11
DA:193,10
DA:194,1
DA:198,9
DA:199,1
DA:200,1
DA:201,1
DA:203,8
DA:204,1
DA:208,7
DA:209,7
DA:210,4
DA:211,1
DA:213,3
DA:214,1
DA:218,2
DA:229,2
DA:231,2
DA:239,3
DA:240,3
DA:241,3
DA:242,3
DA:243,3
DA:245,3
DA:246,1
DA:249,2
DA:250,2
DA:251,2
DA:257,2
DA:258,1
DA:262,1
DA:266,1
DA:274,1
DA:275,1
DA:282,1
DA:283,5
DA:284,5
DA:286,4
DA:287,1
DA:290,3
DA:291,1
DA:296,2
DA:298,2
DA:306,2
DA:308,2
DA:314,1
DA:315,1
LF:135
LH:57
BRDA:16,0,0,0
BRDA:16,0,1,0
BRDA:18,1,0,0
BRDA:18,1,1,0
BRDA:19,2,0,0
BRDA:19,2,1,0
BRDA:38,3,0,0
BRDA:38,3,1,0
BRDA:45,4,0,0
BRDA:45,4,1,0
BRDA:45,5,0,0
BRDA:45,5,1,0
BRDA:47,6,0,0
BRDA:47,6,1,0
BRDA:48,7,0,0
BRDA:48,7,1,0
BRDA:52,8,0,0
BRDA:52,8,1,0
BRDA:62,9,0,0
BRDA:62,9,1,0
BRDA:67,10,0,0
BRDA:67,10,1,0
BRDA:75,11,0,0
BRDA:75,11,1,0
BRDA:76,12,0,0
BRDA:76,12,1,0
BRDA:85,13,0,0
BRDA:85,13,1,0
BRDA:86,14,0,0
BRDA:86,14,1,0
BRDA:113,15,0,0
BRDA:113,15,1,0
BRDA:139,16,0,0
BRDA:139,16,1,0
BRDA:147,17,0,0
BRDA:147,17,1,0
BRDA:147,18,0,0
BRDA:147,18,1,0
BRDA:159,19,0,0
BRDA:159,19,1,0
BRDA:164,20,0,0
BRDA:164,20,1,0
BRDA:166,21,0,0
BRDA:166,21,1,0
BRDA:193,22,0,1
BRDA:193,22,1,9
BRDA:198,23,0,1
BRDA:198,23,1,8
BRDA:199,24,0,1
BRDA:199,24,1,0
BRDA:200,25,0,1
BRDA:200,25,1,0
BRDA:200,26,0,1
BRDA:200,26,1,1
BRDA:203,27,0,1
BRDA:203,27,1,7
BRDA:203,28,0,8
BRDA:203,28,1,1
BRDA:209,29,0,4
BRDA:209,29,1,3
BRDA:209,30,0,7
BRDA:209,30,1,5
BRDA:210,31,0,1
BRDA:210,31,1,3
BRDA:210,32,0,4
BRDA:210,32,1,2
BRDA:213,33,0,1
BRDA:213,33,1,2
BRDA:213,34,0,3
BRDA:213,34,1,2
BRDA:225,35,0,2
BRDA:225,35,1,2
BRDA:239,36,0,3
BRDA:239,36,1,0
BRDA:242,37,0,3
BRDA:242,37,1,3
BRDA:245,38,0,1
BRDA:245,38,1,2
BRDA:245,39,0,3
BRDA:245,39,1,3
BRDA:257,40,0,1
BRDA:257,40,1,1
BRDA:286,41,0,1
BRDA:286,41,1,3
BRDA:290,42,0,1
BRDA:290,42,1,2
BRDA:290,43,0,3
BRDA:290,43,1,1
BRDA:296,44,0,2
BRDA:296,44,1,1
BRF:90
BRH:43
end_of_record
TN:
SF:models\Appointment.js
FNF:0
FNH:0
DA:1,1
DA:3,1
DA:29,1
LF:3
LH:3
BRF:0
BRH:0
end_of_record
TN:
SF:models\AppointmentRecord.js
FN:27,(anonymous_0)
FN:35,(anonymous_1)
FNF:2
FNH:0
FNDA:0,(anonymous_0)
FNDA:0,(anonymous_1)
DA:1,1
DA:3,1
DA:28,0
DA:36,0
DA:50,1
LF:5
LH:3
BRF:0
BRH:0
end_of_record
TN:
SF:models\Dentist.js
FNF:0
FNH:0
DA:1,1
DA:3,1
DA:33,1
DA:41,1
DA:49,1
LF:5
LH:5
BRF:0
BRH:0
end_of_record
